<?xml version="1.0" encoding="UTF-8"?><testsuite errors="1" failures="0" name="Editar una nueva direccion" skipped="0" tests="1" time="42.65" timestamp="2020-07-30 10:46:34"><testcase name="Edicion exitosa"><error message="no such element: Unable to locate element: {&quot;method&quot;:&quot;xpath&quot;,&quot;selector&quot;:&quot;//a[@href='http://automationpractice.com/index.php?controller=address']&quot;}&#10;  (Session info: chrome=84.0.4147.89)&#10;For documentation on this error, please visit: https://www.seleniumhq.org/exceptions/no_such_element.html&#10;Build info: version: '3.141.59', revision: 'e82be7d358', time: '2018-11-14T08:17:03'&#10;System info: host: 'SQAT1MDEWIN59', ip: '192.168.1.64', os.name: 'Windows 10', os.arch: 'amd64', os.version: '10.0', java.version: '1.8.0_251'&#10;Driver info: org.openqa.selenium.chrome.ChromeDriver&#10;Capabilities {acceptInsecureCerts: false, browserName: chrome, browserVersion: 84.0.4147.89, chrome: {chromedriverVersion: 84.0.4147.30 (48b3e868b4cc0..., userDataDir: C:\Users\Usuario\AppData\Lo...}, goog:chromeOptions: {debuggerAddress: localhost:50952}, javascriptEnabled: true, networkConnectionEnabled: false, pageLoadStrategy: normal, platform: WINDOWS, platformName: WINDOWS, proxy: Proxy(), setWindowRect: true, strictFileInteractability: false, timeouts: {implicit: 0, pageLoad: 300000, script: 30000}, unhandledPromptBehavior: ignore, webauthn:virtualAuthenticators: true}&#10;Session ID: c0ec2a9a1cba27c7b03021e19c9d79b4&#10;*** Element info: {Using=xpath, value=//a[@href='http://automationpractice.com/index.php?controller=address']}&#10;For documentation on this error, please visit: https://www.seleniumhq.org/exceptions/no_such_element.html&#10;Build info: version: '3.141.59', revision: 'e82be7d358', time: '2018-11-14T08:17:03'&#10;System info: host: 'SQAT1MDEWIN59', ip: '192.168.1.64', os.name: 'Windows 10', os.arch: 'amd64', os.version: '10.0', java.version: '1.8.0_251'&#10;Driver info: driver.version: unknown" type="org.openqa.selenium.NoSuchElementException">no such element: Unable to locate element: {"method":"xpath","selector":"//a[@href='http://automationpractice.com/index.php?controller=address']"}
  (Session info: chrome=84.0.4147.89)
For documentation on this error, please visit: https://www.seleniumhq.org/exceptions/no_such_element.html
Build info: version: '3.141.59', revision: 'e82be7d358', time: '2018-11-14T08:17:03'
System info: host: 'SQAT1MDEWIN59', ip: '192.168.1.64', os.name: 'Windows 10', os.arch: 'amd64', os.version: '10.0', java.version: '1.8.0_251'
Driver info: org.openqa.selenium.chrome.ChromeDriver
Capabilities {acceptInsecureCerts: false, browserName: chrome, browserVersion: 84.0.4147.89, chrome: {chromedriverVersion: 84.0.4147.30 (48b3e868b4cc0..., userDataDir: C:\Users\Usuario\AppData\Lo...}, goog:chromeOptions: {debuggerAddress: localhost:50952}, javascriptEnabled: true, networkConnectionEnabled: false, pageLoadStrategy: normal, platform: WINDOWS, platformName: WINDOWS, proxy: Proxy(), setWindowRect: true, strictFileInteractability: false, timeouts: {implicit: 0, pageLoad: 300000, script: 30000}, unhandledPromptBehavior: ignore, webauthn:virtualAuthenticators: true}
Session ID: c0ec2a9a1cba27c7b03021e19c9d79b4
*** Element info: {Using=xpath, value=//a[@href='http://automationpractice.com/index.php?controller=address']}
For documentation on this error, please visit: https://www.seleniumhq.org/exceptions/no_such_element.html
Build info: version: '3.141.59', revision: 'e82be7d358', time: '2018-11-14T08:17:03'
System info: host: 'SQAT1MDEWIN59', ip: '192.168.1.64', os.name: 'Windows 10', os.arch: 'amd64', os.version: '10.0', java.version: '1.8.0_251'
Driver info: driver.version: unknown</error><system-err>no such element: Unable to locate element: {"method":"xpath","selector":"//a[@href='http://automationpractice.com/index.php?controller=address']"}
  (Session info: chrome=84.0.4147.89)
For documentation on this error, please visit: https://www.seleniumhq.org/exceptions/no_such_element.html
Build info: version: '3.141.59', revision: 'e82be7d358', time: '2018-11-14T08:17:03'
System info: host: 'SQAT1MDEWIN59', ip: '192.168.1.64', os.name: 'Windows 10', os.arch: 'amd64', os.version: '10.0', java.version: '1.8.0_251'
Driver info: org.openqa.selenium.chrome.ChromeDriver
Capabilities {acceptInsecureCerts: false, browserName: chrome, browserVersion: 84.0.4147.89, chrome: {chromedriverVersion: 84.0.4147.30 (48b3e868b4cc0..., userDataDir: C:\Users\Usuario\AppData\Lo...}, goog:chromeOptions: {debuggerAddress: localhost:50952}, javascriptEnabled: true, networkConnectionEnabled: false, pageLoadStrategy: normal, platform: WINDOWS, platformName: WINDOWS, proxy: Proxy(), setWindowRect: true, strictFileInteractability: false, timeouts: {implicit: 0, pageLoad: 300000, script: 30000}, unhandledPromptBehavior: ignore, webauthn:virtualAuthenticators: true}
Session ID: c0ec2a9a1cba27c7b03021e19c9d79b4
*** Element info: {Using=xpath, value=//a[@href='http://automationpractice.com/index.php?controller=address']}
For documentation on this error, please visit: https://www.seleniumhq.org/exceptions/no_such_element.html
Build info: version: '3.141.59', revision: 'e82be7d358', time: '2018-11-14T08:17:03'
System info: host: 'SQAT1MDEWIN59', ip: '192.168.1.64', os.name: 'Windows 10', os.arch: 'amd64', os.version: '10.0', java.version: '1.8.0_251'
Driver info: driver.version: unknown&#13;
com.automation.address.test.pageobjects.AgregarDireccionPageObject.validarPresenciaDelBoton(AgregarDireccionPageObject.java:96)&#13;
com.automation.address.test.steps.AgregarDireccionSteps.validarPresenciaDelBoton(AgregarDireccionSteps.java:89)&#13;
com.automation.address.test.stepdefinitions.AgregarDireccionStepDefinitions.validoLaPresenciaDelBotonAddANewAddress(AgregarDireccionStepDefinitions.java:44)&#13;
✽.valido la presencia del boton Add a new address(src/test/resources/com/automation/address/test/features/editar_direccion.feature:16)&#13;
</system-err></testcase></testsuite>